<?xml version="1.0" encoding="UTF-8"?>
<!-- Generated by org.testng.reporters.JUnitReportReporter -->
<testsuite hostname="Samyak6-MainCabin" failures="0" tests="1" name="post_restAssured.LotCategoryController01" time="1.679" errors="0" timestamp="2024-12-12T10:40:09 IST" skipped="0">
  <testcase classname="post_restAssured.LotCategoryController01" name="createSymmetry" time="1.679"/>
  <system-out/>
</testsuite> <!-- post_restAssured.LotCategoryController01 -->
