<?xml version="1.0" encoding="UTF-8"?>
<!-- Generated by org.testng.reporters.JUnitReportReporter -->
<testsuite hostname="Samyak6-MainCabin" failures="0" tests="1" name="put_restAssured.PolishController01" time="1.837" errors="0" timestamp="2024-12-13T16:24:35 IST" skipped="0">
  <testcase classname="put_restAssured.PolishController01" name="createSymmetry" time="1.837"/>
  <system-out/>
</testsuite> <!-- put_restAssured.PolishController01 -->
