<?xml version="1.0" encoding="UTF-8"?>
<!-- Generated by org.testng.reporters.JUnitReportReporter -->
<testsuite hostname="Samyak6-MainCabin" failures="0" tests="1" name="post_restassured.LotController05" time="1.674" errors="0" timestamp="2024-12-10T13:01:04 IST" skipped="0">
  <testcase classname="post_restassured.LotController05" name="createSymmetry" time="1.674"/>
  <system-out/>
</testsuite> <!-- post_restassured.LotController05 -->
