<?xml version="1.0" encoding="UTF-8"?>
<!-- Generated by org.testng.reporters.JUnitReportReporter -->
<testsuite hostname="Samyak6-MainCabin" failures="0" tests="1" name="put_restAssured.LotDiamondController02" time="1.805" errors="0" timestamp="2024-12-13T12:23:50 IST" skipped="0">
  <testcase classname="put_restAssured.LotDiamondController02" name="loginToSystem" time="1.805"/>
  <system-out/>
</testsuite> <!-- put_restAssured.LotDiamondController02 -->
