<?xml version="1.0" encoding="UTF-8"?>
<!-- Generated by org.testng.reporters.JUnitReportReporter -->
<testsuite hostname="Samyak6-MainCabin" failures="0" tests="1" name="post_restassured.LotDiamondController13" time="1.757" errors="0" timestamp="2024-12-10T11:23:37 IST" skipped="0">
  <testcase classname="post_restassured.LotDiamondController13" name="createSymmetry" time="1.757"/>
  <system-out/>
</testsuite> <!-- post_restassured.LotDiamondController13 -->
