<?xml version="1.0" encoding="UTF-8"?>
<!-- Generated by org.testng.reporters.JUnitReportReporter -->
<testsuite hostname="Samyak6-MainCabin" failures="0" tests="1" name="put_restAssured.FluoroscenceController01" time="1.829" errors="0" timestamp="2024-12-13T15:26:04 IST" skipped="0">
  <testcase classname="put_restAssured.FluoroscenceController01" name="updateUser" time="1.829"/>
  <system-out/>
</testsuite> <!-- put_restAssured.FluoroscenceController01 -->
