<?xml version="1.0" encoding="UTF-8"?>
<!-- Generated by org.testng.reporters.JUnitReportReporter -->
<testsuite hostname="Samyak6-MainCabin" failures="0" tests="1" name="post_restassured.LotJewelleryController09" time="1.847" errors="0" timestamp="2024-12-10T12:51:41 IST" skipped="0">
  <testcase classname="post_restassured.LotJewelleryController09" name="createSymmetry" time="1.847"/>
  <system-out/>
</testsuite> <!-- post_restassured.LotJewelleryController09 -->
