<?xml version="1.0" encoding="UTF-8"?>
<!-- Generated by org.testng.reporters.JUnitReportReporter -->
<testsuite hostname="Samyak6-MainCabin" failures="0" tests="1" name="post_restAssured.AuthenticationController02" time="2.016" errors="0" timestamp="2024-12-24T14:44:12 IST" skipped="0">
  <testcase classname="post_restAssured.AuthenticationController02" name="createSymmetry" time="2.016"/>
  <system-out/>
</testsuite> <!-- post_restAssured.AuthenticationController02 -->
