<?xml version="1.0" encoding="UTF-8"?>
<!-- Generated by org.testng.reporters.JUnitReportReporter -->
<testsuite hostname="Samyak6-MainCabin" failures="0" tests="1" name="put_restAssured.ShapeController01" time="1.780" errors="0" timestamp="2024-12-13T12:39:52 IST" skipped="0">
  <testcase classname="put_restAssured.ShapeController01" name="createSymmetry" time="1.780"/>
  <system-out/>
</testsuite> <!-- put_restAssured.ShapeController01 -->
