<?xml version="1.0" encoding="UTF-8"?>
<!-- Generated by org.testng.reporters.JUnitReportReporter -->
<testsuite hostname="Samyak6-MainCabin" failures="0" tests="1" name="post_restassured.ColorController02" time="1.661" errors="0" timestamp="2024-12-10T15:54:08 IST" skipped="0">
  <testcase classname="post_restassured.ColorController02" name="createSymmetry" time="1.661"/>
  <system-out/>
</testsuite> <!-- post_restassured.ColorController02 -->
