<?xml version="1.0" encoding="UTF-8"?>
<!-- Generated by org.testng.reporters.JUnitReportReporter -->
<testsuite hostname="Samyak6-MainCabin" failures="0" tests="1" name="put_restAssured.JewelleryMaterialController01" time="2.095" errors="0" timestamp="2024-12-14T09:36:16 IST" skipped="0">
  <testcase classname="put_restAssured.JewelleryMaterialController01" name="updateUser" time="2.095"/>
  <system-out/>
</testsuite> <!-- put_restAssured.JewelleryMaterialController01 -->
