<?xml version="1.0" encoding="UTF-8"?>
<!-- Generated by org.testng.reporters.JUnitReportReporter -->
<testsuite hostname="Samyak6-MainCabin" failures="0" tests="1" name="post_restAssured.ClarityController03" time="1.889" errors="0" timestamp="2024-12-13T11:40:21 IST" skipped="0">
  <testcase classname="post_restAssured.ClarityController03" name="createSymmetry" time="1.889"/>
  <system-out/>
</testsuite> <!-- post_restAssured.ClarityController03 -->
