<?xml version="1.0" encoding="UTF-8"?>
<!-- Generated by org.testng.reporters.JUnitReportReporter -->
<testsuite hostname="Samyak6-MainCabin" failures="0" tests="1" name="get_restassured.RapaportController01" time="13.463" errors="0" timestamp="2024-12-10T10:14:47 IST" skipped="0">
  <testcase classname="get_restassured.RapaportController01" name="loginToSystem" time="13.463"/>
  <system-out/>
</testsuite> <!-- get_restassured.RapaportController01 -->
