<?xml version="1.0" encoding="UTF-8"?>
<!-- Generated by org.testng.reporters.JUnitReportReporter -->
<testsuite hostname="Samyak6-MainCabin" failures="0" tests="1" name="put_restAssured.LotDiamondController03" time="1.797" errors="0" timestamp="2024-12-12T11:24:05 IST" skipped="0">
  <testcase classname="put_restAssured.LotDiamondController03" name="loginToSystem" time="1.797"/>
  <system-out/>
</testsuite> <!-- put_restAssured.LotDiamondController03 -->
