<?xml version="1.0" encoding="UTF-8"?>
<!-- Generated by org.testng.reporters.JUnitReportReporter -->
<testsuite hostname="Samyak6-MainCabin" failures="0" tests="1" name="put_restAssured.LotDiamondController06" time="1.800" errors="0" timestamp="2024-12-12T12:42:41 IST" skipped="0">
  <testcase classname="put_restAssured.LotDiamondController06" name="updateUser" time="1.800"/>
  <system-out/>
</testsuite> <!-- put_restAssured.LotDiamondController06 -->
