<?xml version="1.0" encoding="UTF-8"?>
<!-- Generated by org.testng.reporters.JUnitReportReporter -->
<testsuite hostname="Samyak6-MainCabin" failures="0" tests="1" name="put_restAssured.BidController01" time="1.799" errors="0" timestamp="2024-12-13T10:06:59 IST" skipped="0">
  <testcase classname="put_restAssured.BidController01" name="updateUser" time="1.799"/>
  <system-out/>
</testsuite> <!-- put_restAssured.BidController01 -->
