<?xml version="1.0" encoding="UTF-8"?>
<!-- Generated by org.testng.reporters.JUnitReportReporter -->
<testsuite hostname="Samyak6-MainCabin" failures="0" tests="1" name="get_restassured.LotJewellerController10" time="1.877" errors="0" timestamp="2024-12-10T09:55:45 IST" skipped="0">
  <testcase classname="get_restassured.LotJewellerController10" name="loginToSystem" time="1.877"/>
  <system-out/>
</testsuite> <!-- get_restassured.LotJewellerController10 -->
