<?xml version="1.0" encoding="UTF-8"?>
<!-- Generated by org.testng.reporters.JUnitReportReporter -->
<testsuite hostname="Samyak6-MainCabin" failures="0" tests="1" name="post_restassured.CutController02" time="1.660" errors="0" timestamp="2024-12-10T15:21:14 IST" skipped="0">
  <testcase classname="post_restassured.CutController02" name="createSymmetry" time="1.660"/>
  <system-out/>
</testsuite> <!-- post_restassured.CutController02 -->
