<?xml version="1.0" encoding="UTF-8"?>
<!-- Generated by org.testng.reporters.JUnitReportReporter -->
<testsuite hostname="Samyak6-MainCabin" failures="0" tests="1" name="delete_restAssured.AuctionDetailsController02" time="1.949" errors="0" timestamp="2024-12-11T12:19:41 IST" skipped="0">
  <testcase classname="delete_restAssured.AuctionDetailsController02" name="deleteUser" time="1.949"/>
  <system-out/>
</testsuite> <!-- delete_restAssured.AuctionDetailsController02 -->
