<?xml version="1.0" encoding="UTF-8"?>
<!-- Generated by org.testng.reporters.JUnitReportReporter -->
<testsuite hostname="Samyak6-MainCabin" failures="0" tests="1" name="post_restAssured.FavouriteController01" time="2.041" errors="0" timestamp="2024-12-20T16:48:27 IST" skipped="0">
  <testcase classname="post_restAssured.FavouriteController01" name="createSymmetry" time="2.041"/>
  <system-out/>
</testsuite> <!-- post_restAssured.FavouriteController01 -->
