<?xml version="1.0" encoding="UTF-8"?>
<!-- Generated by org.testng.reporters.JUnitReportReporter -->
<testsuite hostname="Samyak6-MainCabin" failures="0" tests="1" name="get_restAssured.AddressController02" time="3.826" errors="0" timestamp="2024-12-13T09:47:00 IST" skipped="0">
  <testcase classname="get_restAssured.AddressController02" name="loginToSystem" time="3.826"/>
  <system-out/>
</testsuite> <!-- get_restAssured.AddressController02 -->
