<?xml version="1.0" encoding="UTF-8"?>
<!-- Generated by org.testng.reporters.JUnitReportReporter -->
<testsuite hostname="Samyak6-MainCabin" failures="0" tests="1" name="put_restAssured.LotUploadController01" time="1.810" errors="0" timestamp="2024-12-11T11:23:33 IST" skipped="0">
  <testcase classname="put_restAssured.LotUploadController01" name="updateUser" time="1.810"/>
  <system-out/>
</testsuite> <!-- put_restAssured.LotUploadController01 -->
