<?xml version="1.0" encoding="UTF-8"?>
<!-- Generated by org.testng.reporters.JUnitReportReporter -->
<testsuite hostname="Samyak6-MainCabin" failures="0" tests="1" name="put_restAssured.LotJewelleryController01" time="1.898" errors="0" timestamp="2024-12-12T12:45:35 IST" skipped="0">
  <testcase classname="put_restAssured.LotJewelleryController01" name="loginToSystem" time="1.898"/>
  <system-out/>
</testsuite> <!-- put_restAssured.LotJewelleryController01 -->
