<?xml version="1.0" encoding="UTF-8"?>
<!-- Generated by org.testng.reporters.JUnitReportReporter -->
<testsuite hostname="DESKTOP-7FHJ3I4" failures="0" tests="1" name="restassuredtut01.auction_controller_12" time="1.473" errors="0" timestamp="2024-11-28T11:13:25 IST" skipped="0">
  <testcase classname="restassuredtut01.auction_controller_12" name="loginToSystem" time="1.473"/>
  <system-out/>
</testsuite> <!-- restassuredtut01.auction_controller_12 -->
