<?xml version="1.0" encoding="UTF-8"?>
<!-- Generated by org.testng.reporters.JUnitReportReporter -->
<testsuite hostname="Samyak6-MainCabin" failures="0" tests="1" name="post_restassured.AnnouncementController01" time="1.719" errors="0" timestamp="2024-12-11T10:49:22 IST" skipped="0">
  <testcase classname="post_restassured.AnnouncementController01" name="createSymmetry" time="1.719"/>
  <system-out/>
</testsuite> <!-- post_restassured.AnnouncementController01 -->
