<?xml version="1.0" encoding="UTF-8"?>
<!-- Generated by org.testng.reporters.JUnitReportReporter -->
<testsuite hostname="Samyak6-MainCabin" failures="0" tests="1" name="post_restassured.AddressController01" time="1.811" errors="0" timestamp="2024-12-10T16:10:15 IST" skipped="0">
  <testcase classname="post_restassured.AddressController01" name="createSymmetry" time="1.811"/>
  <system-out/>
</testsuite> <!-- post_restassured.AddressController01 -->
