<?xml version="1.0" encoding="UTF-8"?>
<!-- Generated by org.testng.reporters.JUnitReportReporter -->
<testsuite hostname="Samyak6-MainCabin" failures="0" tests="1" name="put_restAssured.BrandController01" time="2.032" errors="0" timestamp="2024-12-20T16:38:43 IST" skipped="0">
  <testcase classname="put_restAssured.BrandController01" name="updateUser" time="2.032"/>
  <system-out/>
</testsuite> <!-- put_restAssured.BrandController01 -->
