<?xml version="1.0" encoding="UTF-8"?>
<!-- Generated by org.testng.reporters.JUnitReportReporter -->
<testsuite hostname="Samyak6-MainCabin" failures="0" tests="1" name="post_restassured.ShapeController03" time="1.864" errors="0" timestamp="2024-12-10T12:23:58 IST" skipped="0">
  <testcase classname="post_restassured.ShapeController03" name="createSymmetry" time="1.864"/>
  <system-out/>
</testsuite> <!-- post_restassured.ShapeController03 -->
