<?xml version="1.0" encoding="UTF-8"?>
<!-- Generated by org.testng.reporters.JUnitReportReporter -->
<testsuite hostname="Samyak6-MainCabin" failures="0" tests="1" name="get_restassured.SymmetryController04" time="1.821" errors="0" timestamp="2024-12-10T10:02:25 IST" skipped="0">
  <testcase classname="get_restassured.SymmetryController04" name="loginToSystem" time="1.821"/>
  <system-out/>
</testsuite> <!-- get_restassured.SymmetryController04 -->
