<?xml version="1.0" encoding="UTF-8"?>
<!-- Generated by org.testng.reporters.JUnitReportReporter -->
<testsuite hostname="Samyak6-MainCabin" failures="0" tests="1" name="delete_restAssured.AuctionController02" time="1.771" errors="0" timestamp="2024-12-13T10:12:11 IST" skipped="0">
  <testcase classname="delete_restAssured.AuctionController02" name="deleteUser" time="1.771"/>
  <system-out/>
</testsuite> <!-- delete_restAssured.AuctionController02 -->
