<?xml version="1.0" encoding="UTF-8"?>
<!-- Generated by org.testng.reporters.JUnitReportReporter -->
<testsuite hostname="Samyak6-MainCabin" failures="0" tests="1" name="post_restAssured.AuctionController05" time="1.872" errors="0" timestamp="2024-12-20T16:46:33 IST" skipped="0">
  <testcase classname="post_restAssured.AuctionController05" name="updateUser" time="1.872"/>
  <system-out/>
</testsuite> <!-- post_restAssured.AuctionController05 -->
