<?xml version="1.0" encoding="UTF-8"?>
<!-- Generated by org.testng.reporters.JUnitReportReporter -->
<testsuite hostname="Samyak6-MainCabin" failures="0" tests="1" name="put_restAssured.ColourController01" time="2.828" errors="0" timestamp="2024-12-20T16:36:35 IST" skipped="0">
  <testcase classname="put_restAssured.ColourController01" name="updateUser" time="2.828"/>
  <system-out/>
</testsuite> <!-- put_restAssured.ColourController01 -->
