<?xml version="1.0" encoding="UTF-8"?>
<!-- Generated by org.testng.reporters.JUnitReportReporter -->
<testsuite hostname="Samyak6-MainCabin" failures="0" tests="1" name="post_restassured.PolishController03" time="2.746" errors="0" timestamp="2024-12-09T15:57:12 IST" skipped="0">
  <testcase classname="post_restassured.PolishController03" name="createSymmetry" time="2.746"/>
  <system-out/>
</testsuite> <!-- post_restassured.PolishController03 -->
