<?xml version="1.0" encoding="UTF-8"?>
<!-- Generated by org.testng.reporters.JUnitReportReporter -->
<testsuite hostname="Samyak6-MainCabin" failures="0" tests="1" name="get_restAssured.BidController07" time="2.064" errors="0" timestamp="2024-12-16T10:15:23 IST" skipped="0">
  <testcase classname="get_restAssured.BidController07" name="loginToSystem" time="2.064"/>
  <system-out/>
</testsuite> <!-- get_restAssured.BidController07 -->
