<?xml version="1.0" encoding="UTF-8"?>
<!-- Generated by org.testng.reporters.JUnitReportReporter -->
<testsuite hostname="Samyak6-MainCabin" failures="0" tests="1" name="post_restassured.LotDiamondController12" time="1.892" errors="0" timestamp="2024-12-10T11:20:31 IST" skipped="0">
  <testcase classname="post_restassured.LotDiamondController12" name="createSymmetry" time="1.892"/>
  <system-out/>
</testsuite> <!-- post_restassured.LotDiamondController12 -->
