<?xml version="1.0" encoding="UTF-8"?>
<!-- Generated by org.testng.reporters.JUnitReportReporter -->
<testsuite hostname="DESKTOP-C9G084L" failures="0" tests="1" name="get_restassured.UserController08" time="0.181" errors="0" timestamp="2024-12-28T15:48:07 IST" skipped="0">
  <testcase classname="get_restassured.UserController08" name="loginToSystem" time="0.181"/>
</testsuite> <!-- get_restassured.UserController08 -->
