<?xml version="1.0" encoding="UTF-8"?>
<!-- Generated by org.testng.reporters.JUnitReportReporter -->
<testsuite hostname="Samyak6-MainCabin" failures="0" tests="1" name="delete_restAssured.FavouriteController02" time="1.678" errors="0" timestamp="2024-12-11T12:21:41 IST" skipped="0">
  <testcase classname="delete_restAssured.FavouriteController02" name="deleteUser" time="1.678"/>
  <system-out/>
</testsuite> <!-- delete_restAssured.FavouriteController02 -->
