<?xml version="1.0" encoding="UTF-8"?>
<!-- Generated by org.testng.reporters.JUnitReportReporter -->
<testsuite hostname="Samyak6-MainCabin" failures="0" tests="1" name="put_restAssured.DataClearController01" time="2.339" errors="0" timestamp="2024-12-13T15:27:56 IST" skipped="0">
  <testcase classname="put_restAssured.DataClearController01" name="updateUser" time="2.339"/>
  <system-out/>
</testsuite> <!-- put_restAssured.DataClearController01 -->
