<?xml version="1.0" encoding="UTF-8"?>
<!-- Generated by org.testng.reporters.JUnitReportReporter -->
<testsuite hostname="Samyak6-MainCabin" failures="0" tests="1" name="put_restAssured.SymmetryController01" time="1.854" errors="0" timestamp="2024-12-13T12:20:55 IST" skipped="0">
  <testcase classname="put_restAssured.SymmetryController01" name="createSymmetry" time="1.854"/>
  <system-out/>
</testsuite> <!-- put_restAssured.SymmetryController01 -->
