<?xml version="1.0" encoding="UTF-8"?>
<!-- Generated by org.testng.reporters.JUnitReportReporter -->
<testsuite hostname="Samyak6-MainCabin" failures="0" tests="1" name="get_restAssured.LotController07" time="2.606" errors="0" timestamp="2024-12-14T13:25:40 IST" skipped="0">
  <testcase classname="get_restAssured.LotController07" name="loginToSystem" time="2.606"/>
  <system-out/>
</testsuite> <!-- get_restAssured.LotController07 -->
