<?xml version="1.0" encoding="UTF-8"?>
<!-- Generated by org.testng.reporters.JUnitReportReporter -->
<testsuite hostname="DESKTOP-7FHJ3I4" failures="0" tests="1" name="get_restassured.LotCategoryController02" time="1.797" errors="0" timestamp="2024-11-30T10:41:10 IST" skipped="0">
  <testcase classname="get_restassured.LotCategoryController02" name="loginToSystem" time="1.797"/>
  <system-out/>
</testsuite> <!-- get_restassured.LotCategoryController02 -->
