<?xml version="1.0" encoding="UTF-8"?>
<!-- Generated by org.testng.reporters.JUnitReportReporter -->
<testsuite hostname="Samyak6-MainCabin" failures="0" tests="1" name="put_restAssured.CountryController02" time="1.823" errors="0" timestamp="2024-12-14T09:42:43 IST" skipped="0">
  <testcase classname="put_restAssured.CountryController02" name="updateUser" time="1.823"/>
  <system-out/>
</testsuite> <!-- put_restAssured.CountryController02 -->
