<?xml version="1.0" encoding="UTF-8"?>
<!-- Generated by org.testng.reporters.JUnitReportReporter -->
<testsuite hostname="Samyak6-MainCabin" failures="0" tests="1" name="post_restAssured.LedgerController03" time="3.032" errors="0" timestamp="2024-12-13T11:32:21 IST" skipped="0">
  <testcase classname="post_restAssured.LedgerController03" name="createSymmetry" time="3.032"/>
  <system-out/>
</testsuite> <!-- post_restAssured.LedgerController03 -->
