<?xml version="1.0" encoding="UTF-8"?>
<!-- Generated by org.testng.reporters.JUnitReportReporter -->
<testsuite hostname="Samyak6-MainCabin" failures="0" tests="1" name="delete_restAssured.UserController03" time="1.692" errors="0" timestamp="2024-12-11T11:54:10 IST" skipped="0">
  <testcase classname="delete_restAssured.UserController03" name="deleteUser" time="1.692"/>
  <system-out/>
</testsuite> <!-- delete_restAssured.UserController03 -->
