<?xml version="1.0" encoding="UTF-8"?>
<!-- Generated by org.testng.reporters.JUnitReportReporter -->
<testsuite hostname="Samyak6-MainCabin" failures="0" tests="1" name="put_restAssured.LotJewelleryController02" time="1.798" errors="0" timestamp="2024-12-13T12:58:52 IST" skipped="0">
  <testcase classname="put_restAssured.LotJewelleryController02" name="createSymmetry" time="1.798"/>
  <system-out/>
</testsuite> <!-- put_restAssured.LotJewelleryController02 -->
