<?xml version="1.0" encoding="UTF-8"?>
<!-- Generated by org.testng.reporters.JUnitReportReporter -->
<testsuite hostname="Samyak6-MainCabin" failures="0" tests="1" name="post_restassured.LotDiamondController09" time="1.791" errors="0" timestamp="2024-12-10T10:27:41 IST" skipped="0">
  <testcase classname="post_restassured.LotDiamondController09" name="makeWinners" time="1.791"/>
  <system-out/>
</testsuite> <!-- post_restassured.LotDiamondController09 -->
