<?xml version="1.0" encoding="UTF-8"?>
<!-- Generated by org.testng.reporters.JUnitReportReporter -->
<testsuite hostname="Samyak6-MainCabin" failures="0" tests="1" name="get_restassured.UserController01" time="2.250" errors="0" timestamp="2024-12-10T09:53:47 IST" skipped="0">
  <testcase classname="get_restassured.UserController01" name="loginToSystem" time="2.250"/>
  <system-out/>
</testsuite> <!-- get_restassured.UserController01 -->
