<?xml version="1.0" encoding="UTF-8"?>
<!-- Generated by org.testng.reporters.JUnitReportReporter -->
<testsuite hostname="Samyak6-MainCabin" failures="0" tests="1" name="get_restAssured.RoleController02" time="2.697" errors="0" timestamp="2024-12-14T12:55:30 IST" skipped="0">
  <testcase classname="get_restAssured.RoleController02" name="loginToSystem" time="2.697"/>
  <system-out/>
</testsuite> <!-- get_restAssured.RoleController02 -->
