<?xml version="1.0" encoding="UTF-8"?>
<!-- Generated by org.testng.reporters.JUnitReportReporter -->
<testsuite hostname="Samyak6-MainCabin" failures="0" tests="1" name="get_restAssured.LotDiamondController23" time="2.806" errors="0" timestamp="2024-12-14T13:20:56 IST" skipped="0">
  <testcase classname="get_restAssured.LotDiamondController23" name="loginToSystem" time="2.806"/>
  <system-out/>
</testsuite> <!-- get_restAssured.LotDiamondController23 -->
