<?xml version="1.0" encoding="UTF-8"?>
<!-- Generated by org.testng.reporters.JUnitReportReporter -->
<testsuite hostname="Samyak6-MainCabin" failures="0" tests="2" name="login.Login" time="2.439" errors="0" timestamp="2024-12-12T10:00:40 IST" skipped="0">
  <testcase classname="login.Login" name="loginToSystem" time="2.244"/>
  <system-out/>
  <testcase classname="login.Login" name="loginToSystem1" time="0.195"/>
  <system-out/>
</testsuite> <!-- login.Login -->
