<?xml version="1.0" encoding="UTF-8"?>
<!-- Generated by org.testng.reporters.JUnitReportReporter -->
<testsuite hostname="Samyak6-MainCabin" failures="0" tests="1" name="post_restassured.CountryController03" time="1.668" errors="0" timestamp="2024-12-10T15:46:31 IST" skipped="0">
  <testcase classname="post_restassured.CountryController03" name="createSymmetry" time="1.668"/>
  <system-out/>
</testsuite> <!-- post_restassured.CountryController03 -->
