<?xml version="1.0" encoding="UTF-8"?>
<!-- Generated by org.testng.reporters.JUnitReportReporter -->
<testsuite hostname="Samyak6-MainCabin" failures="0" tests="1" name="post_restassured.SymmetryController02" time="1.708" errors="0" timestamp="2024-12-07T10:10:54 IST" skipped="0">
  <testcase classname="post_restassured.SymmetryController02" name="createSymmetry" time="1.708"/>
  <system-out/>
</testsuite> <!-- post_restassured.SymmetryController02 -->
