<?xml version="1.0" encoding="UTF-8"?>
<!-- Generated by org.testng.reporters.JUnitReportReporter -->
<testsuite hostname="Samyak6-MainCabin" failures="0" tests="1" name="get_restAssured.LotJewelleryController13" time="2.135" errors="0" timestamp="2024-12-16T09:44:58 IST" skipped="0">
  <testcase classname="get_restAssured.LotJewelleryController13" name="loginToSystem" time="2.135"/>
  <system-out/>
</testsuite> <!-- get_restAssured.LotJewelleryController13 -->
