<?xml version="1.0" encoding="UTF-8"?>
<!-- Generated by org.testng.reporters.JUnitReportReporter -->
<testsuite hostname="Samyak6-MainCabin" failures="0" tests="1" name="get_restAssured.AddressController03" time="0.059" errors="0" timestamp="2024-12-19T12:38:18 IST" skipped="0">
  <testcase classname="get_restAssured.AddressController03" name="loginToSystem" time="0.059"/>
  <system-out/>
</testsuite> <!-- get_restAssured.AddressController03 -->
