<?xml version="1.0" encoding="UTF-8"?>
<!-- Generated by org.testng.reporters.JUnitReportReporter -->
<testsuite hostname="Samyak6-MainCabin" failures="0" tests="1" name="post_restAssured.LotExtController01" time="1.686" errors="0" timestamp="2024-12-12T10:45:11 IST" skipped="0">
  <testcase classname="post_restAssured.LotExtController01" name="createSymmetry" time="1.686"/>
  <system-out/>
</testsuite> <!-- post_restAssured.LotExtController01 -->
