<?xml version="1.0" encoding="UTF-8"?>
<!-- Generated by org.testng.reporters.JUnitReportReporter -->
<testsuite hostname="DESKTOP-7FHJ3I4" failures="0" tests="1" name="post_restassured.LotDiamondController08" time="1.349" errors="0" timestamp="2024-11-29T16:19:09 IST" skipped="0">
  <testcase classname="post_restassured.LotDiamondController08" name="createSymmetry" time="1.349"/>
  <system-out/>
</testsuite> <!-- post_restassured.LotDiamondController08 -->
