<?xml version="1.0" encoding="UTF-8"?>
<!-- Generated by org.testng.reporters.JUnitReportReporter -->
<testsuite hostname="Samyak6-MainCabin" failures="0" tests="1" name="put_restAssured.LotJewelleryController05" time="1.743" errors="0" timestamp="2024-12-12T12:52:46 IST" skipped="0">
  <testcase classname="put_restAssured.LotJewelleryController05" name="updateUser" time="1.743"/>
  <system-out/>
</testsuite> <!-- put_restAssured.LotJewelleryController05 -->
