<?xml version="1.0" encoding="UTF-8"?>
<!-- Generated by org.testng.reporters.JUnitReportReporter -->
<testsuite hostname="DESKTOP-7FHJ3I4" failures="0" tests="1" name="get_reassured.UserController10" time="1.490" errors="0" timestamp="2024-11-29T11:27:47 IST" skipped="0">
  <testcase classname="get_reassured.UserController10" name="loginToSystem" time="1.490"/>
  <system-out/>
</testsuite> <!-- get_reassured.UserController10 -->
