<?xml version="1.0" encoding="UTF-8"?>
<!-- Generated by org.testng.reporters.JUnitReportReporter -->
<testsuite hostname="Samyak6-MainCabin" failures="0" tests="1" name="put_restAssured.CompanyController01" time="2.633" errors="0" timestamp="2024-12-14T15:09:27 IST" skipped="0">
  <testcase classname="put_restAssured.CompanyController01" name="updateUser" time="2.633"/>
  <system-out/>
</testsuite> <!-- put_restAssured.CompanyController01 -->
