<?xml version="1.0" encoding="UTF-8"?>
<!-- Generated by org.testng.reporters.JUnitReportReporter -->
<testsuite hostname="Samyak6-MainCabin" failures="0" tests="1" name="put_restAssured.LotController03" time="1.804" errors="0" timestamp="2024-12-13T12:55:04 IST" skipped="0">
  <testcase classname="put_restAssured.LotController03" name="createSymmetry" time="1.804"/>
  <system-out/>
</testsuite> <!-- put_restAssured.LotController03 -->
