<?xml version="1.0" encoding="UTF-8"?>
<!-- Generated by org.testng.reporters.JUnitReportReporter -->
<testsuite hostname="Samyak6-MainCabin" failures="0" tests="1" name="get_restAssured.AddressController03" time="1.732" errors="0" timestamp="2024-12-12T13:28:33 IST" skipped="0">
  <testcase classname="get_restAssured.AddressController03" name="loginToSystem" time="1.732"/>
  <system-out/>
</testsuite> <!-- get_restAssured.AddressController03 -->
