<?xml version="1.0" encoding="UTF-8"?>
<!-- Generated by org.testng.reporters.JUnitReportReporter -->
<testsuite hostname="DESKTOP-C9G084L" failures="0" tests="1" name="get_restassured.Test01" time="1.286" errors="0" timestamp="2024-12-28T15:48:07 IST" skipped="0">
  <testcase classname="get_restassured.Test01" name="test_1" time="1.286"/>
</testsuite> <!-- get_restassured.Test01 -->
