<?xml version="1.0" encoding="UTF-8"?>
<!-- Generated by org.testng.reporters.JUnitReportReporter -->
<testsuite hostname="Samyak6-MainCabin" failures="0" tests="1" name="post_restAssured.ExrateController01" time="2.234" errors="0" timestamp="2024-12-12T10:27:44 IST" skipped="0">
  <testcase classname="post_restAssured.ExrateController01" name="createSymmetry" time="2.234"/>
  <system-out/>
</testsuite> <!-- post_restAssured.ExrateController01 -->
