<?xml version="1.0" encoding="UTF-8"?>
<!-- Generated by org.testng.reporters.JUnitReportReporter -->
<testsuite hostname="Samyak6-MainCabin" failures="0" tests="1" name="post_restassured.BidStatusController01" time="1.778" errors="0" timestamp="2024-12-10T16:37:31 IST" skipped="0">
  <testcase classname="post_restassured.BidStatusController01" name="createSymmetry" time="1.778"/>
  <system-out/>
</testsuite> <!-- post_restassured.BidStatusController01 -->
