<?xml version="1.0" encoding="UTF-8"?>
<!-- Generated by org.testng.reporters.JUnitReportReporter -->
<testsuite hostname="Samyak6-MainCabin" failures="0" tests="1" name="get_restassured.LotDiamondController24" time="1.726" errors="0" timestamp="2024-12-10T09:54:52 IST" skipped="0">
  <testcase classname="get_restassured.LotDiamondController24" name="loginToSystem" time="1.726"/>
  <system-out/>
</testsuite> <!-- get_restassured.LotDiamondController24 -->
