<?xml version="1.0" encoding="UTF-8"?>
<!-- Generated by org.testng.reporters.JUnitReportReporter -->
<testsuite hostname="DESKTOP-7FHJ3I4" failures="0" tests="2" name="get_reassured.Test02" time="1.132" errors="0" timestamp="2024-11-29T11:26:18 IST" skipped="0">
  <testcase classname="get_reassured.Test02" name="testPost" time="0.002"/>
  <system-out/>
  <testcase classname="get_reassured.Test02" name="test_02" time="1.130"/>
  <system-out/>
</testsuite> <!-- get_reassured.Test02 -->
