<?xml version="1.0" encoding="UTF-8"?>
<!-- Generated by org.testng.reporters.JUnitReportReporter -->
<testsuite hostname="Samyak6-MainCabin" failures="0" tests="1" name="put_restAssured.LabController01" time="2.012" errors="0" timestamp="2024-12-13T14:53:49 IST" skipped="0">
  <testcase classname="put_restAssured.LabController01" name="updateUser" time="2.012"/>
  <system-out/>
</testsuite> <!-- put_restAssured.LabController01 -->
