<?xml version="1.0" encoding="UTF-8"?>
<!-- Generated by org.testng.reporters.JUnitReportReporter -->
<testsuite hostname="Samyak6-MainCabin" failures="0" tests="1" name="get_restAssured.BidController12" time="2.177" errors="0" timestamp="2024-12-16T10:24:22 IST" skipped="0">
  <testcase classname="get_restAssured.BidController12" name="loginToSystem" time="2.177"/>
  <system-out/>
</testsuite> <!-- get_restAssured.BidController12 -->
