<?xml version="1.0" encoding="UTF-8"?>
<!-- Generated by org.testng.reporters.JUnitReportReporter -->
<testsuite hostname="Samyak6-MainCabin" failures="0" tests="1" name="get_restAssured.LotJewelleryController14" time="2.529" errors="0" timestamp="2024-12-16T09:46:26 IST" skipped="0">
  <testcase classname="get_restAssured.LotJewelleryController14" name="loginToSystem" time="2.529"/>
  <system-out/>
</testsuite> <!-- get_restAssured.LotJewelleryController14 -->
