<?xml version="1.0" encoding="UTF-8"?>
<!-- Generated by org.testng.reporters.JUnitReportReporter -->
<testsuite hostname="Samyak6-MainCabin" failures="0" tests="1" name="put_restAssured.InvoiceDetailsController01" time="1.828" errors="0" timestamp="2024-12-11T11:34:17 IST" skipped="0">
  <testcase classname="put_restAssured.InvoiceDetailsController01" name="updateUser" time="1.828"/>
  <system-out/>
</testsuite> <!-- put_restAssured.InvoiceDetailsController01 -->
