<?xml version="1.0" encoding="UTF-8"?>
<!-- Generated by org.testng.reporters.JUnitReportReporter -->
<testsuite hostname="Samyak6-MainCabin" failures="0" tests="1" name="post_restAssured.LotDiamondController10" time="2.270" errors="0" timestamp="2024-12-20T16:29:01 IST" skipped="0">
  <testcase classname="post_restAssured.LotDiamondController10" name="createSymmetry" time="2.270"/>
  <system-out/>
</testsuite> <!-- post_restAssured.LotDiamondController10 -->
