<?xml version="1.0" encoding="UTF-8"?>
<!-- Generated by org.testng.reporters.JUnitReportReporter -->
<testsuite hostname="Samyak6-MainCabin" failures="0" tests="1" name="post_restassured.SymmetryController03" time="1.888" errors="0" timestamp="2024-12-10T12:19:37 IST" skipped="0">
  <testcase classname="post_restassured.SymmetryController03" name="createSymmetry" time="1.888"/>
  <system-out/>
</testsuite> <!-- post_restassured.SymmetryController03 -->
