<?xml version="1.0" encoding="UTF-8"?>
<!-- Generated by org.testng.reporters.JUnitReportReporter -->
<testsuite hostname="Samyak6-MainCabin" failures="0" tests="1" name="post_restAssured.LotDiamondImageController01" time="1.726" errors="0" timestamp="2024-12-12T10:43:23 IST" skipped="0">
  <testcase classname="post_restAssured.LotDiamondImageController01" name="createSymmetry" time="1.726"/>
  <system-out/>
</testsuite> <!-- post_restAssured.LotDiamondImageController01 -->
