<?xml version="1.0" encoding="UTF-8"?>
<!-- Generated by org.testng.reporters.JUnitReportReporter -->
<testsuite hostname="DESKTOP-C9G084L" failures="0" tests="1" name="login.Login" time="2.475" errors="0" timestamp="2024-12-28T15:52:09 IST" skipped="0">
  <testcase classname="login.Login" name="loginToSystem" time="2.475"/>
</testsuite> <!-- login.Login -->
