<?xml version="1.0" encoding="UTF-8"?>
<!-- Generated by org.testng.reporters.JUnitReportReporter -->
<testsuite hostname="Samyak6-MainCabin" failures="0" tests="1" name="post_restAssured.CutController03" time="1.965" errors="0" timestamp="2024-12-13T11:33:57 IST" skipped="0">
  <testcase classname="post_restAssured.CutController03" name="createSymmetry" time="1.965"/>
  <system-out/>
</testsuite> <!-- post_restAssured.CutController03 -->
