<?xml version="1.0" encoding="UTF-8"?>
<!-- Generated by org.testng.reporters.JUnitReportReporter -->
<testsuite hostname="Samyak6-MainCabin" failures="0" tests="1" name="post_restassured.LabController02" time="1.692" errors="0" timestamp="2024-12-10T12:42:10 IST" skipped="0">
  <testcase classname="post_restassured.LabController02" name="createSymmetry" time="1.692"/>
  <system-out/>
</testsuite> <!-- post_restassured.LabController02 -->
