<?xml version="1.0" encoding="UTF-8"?>
<!-- Generated by org.testng.reporters.JUnitReportReporter -->
<testsuite hostname="DESKTOP-7FHJ3I4" failures="0" tests="1" name="post_restassured.LotDiamondController10" time="5.849" errors="0" timestamp="2024-11-29T17:10:06 IST" skipped="0">
  <testcase classname="post_restassured.LotDiamondController10" name="createSymmetry" time="5.849"/>
  <system-out/>
</testsuite> <!-- post_restassured.LotDiamondController10 -->
