<?xml version="1.0" encoding="UTF-8"?>
<!-- Generated by org.testng.reporters.JUnitReportReporter -->
<testsuite hostname="DESKTOP-C9G084L" failures="0" tests="2" name="get_restassured.Test02" time="1.261" errors="0" timestamp="2024-12-28T15:48:07 IST" skipped="0">
  <testcase classname="get_restassured.Test02" name="test_02" time="1.260"/>
  <testcase classname="get_restassured.Test02" name="testPost" time="0.001"/>
</testsuite> <!-- get_restassured.Test02 -->
