<?xml version="1.0" encoding="UTF-8"?>
<!-- Generated by org.testng.reporters.JUnitReportReporter -->
<testsuite hostname="Samyak6-MainCabin" failures="0" tests="1" name="post_restassured.AuctionTagController01" time="1.834" errors="0" timestamp="2024-12-10T16:16:25 IST" skipped="0">
  <testcase classname="post_restassured.AuctionTagController01" name="createSymmetry" time="1.834"/>
  <system-out/>
</testsuite> <!-- post_restassured.AuctionTagController01 -->
