<?xml version="1.0" encoding="UTF-8"?>
<!-- Generated by org.testng.reporters.JUnitReportReporter -->
<testsuite hostname="Samyak6-MainCabin" failures="0" tests="1" name="get_restAssured.LotDiamondController22" time="2.812" errors="0" timestamp="2024-12-14T13:18:57 IST" skipped="0">
  <testcase classname="get_restAssured.LotDiamondController22" name="loginToSystem" time="2.812"/>
  <system-out/>
</testsuite> <!-- get_restAssured.LotDiamondController22 -->
