<?xml version="1.0" encoding="UTF-8"?>
<!-- Generated by org.testng.reporters.JUnitReportReporter -->
<testsuite hostname="Samyak6-MainCabin" failures="0" tests="1" name="put_restAssured.CutController01" time="1.811" errors="0" timestamp="2024-12-13T15:29:54 IST" skipped="0">
  <testcase classname="put_restAssured.CutController01" name="updateUser" time="1.811"/>
  <system-out/>
</testsuite> <!-- put_restAssured.CutController01 -->
