<?xml version="1.0" encoding="UTF-8"?>
<!-- Generated by org.testng.reporters.JUnitReportReporter -->
<testsuite hostname="Samyak6-MainCabin" failures="0" tests="1" name="post_restassured.JewelleryTypeController03" time="1.814" errors="0" timestamp="2024-12-10T13:13:57 IST" skipped="0">
  <testcase classname="post_restassured.JewelleryTypeController03" name="createSymmetry" time="1.814"/>
  <system-out/>
</testsuite> <!-- post_restassured.JewelleryTypeController03 -->
