<?xml version="1.0" encoding="UTF-8"?>
<!-- Generated by org.testng.reporters.JUnitReportReporter -->
<testsuite hostname="Samyak6-MainCabin" failures="0" tests="1" name="get_restAssured.BidController11" time="2.071" errors="0" timestamp="2024-12-16T10:24:52 IST" skipped="0">
  <testcase classname="get_restAssured.BidController11" name="loginToSystem" time="2.071"/>
  <system-out/>
</testsuite> <!-- get_restAssured.BidController11 -->
