<?xml version="1.0" encoding="UTF-8"?>
<!-- Generated by org.testng.reporters.JUnitReportReporter -->
<testsuite hostname="Samyak6-MainCabin" failures="0" tests="1" name="put_restAssured.LotDiamondController05" time="2.227" errors="0" timestamp="2024-12-12T12:36:51 IST" skipped="0">
  <testcase classname="put_restAssured.LotDiamondController05" name="loginToSystem" time="2.227"/>
  <system-out/>
</testsuite> <!-- put_restAssured.LotDiamondController05 -->
