<?xml version="1.0" encoding="UTF-8"?>
<!-- Generated by org.testng.reporters.JUnitReportReporter -->
<testsuite hostname="Samyak6-MainCabin" failures="0" tests="1" name="get_restAssured.LotJewelleryController16" time="1.927" errors="0" timestamp="2024-12-16T09:38:06 IST" skipped="0">
  <testcase classname="get_restAssured.LotJewelleryController16" name="loginToSystem" time="1.927"/>
  <system-out/>
</testsuite> <!-- get_restAssured.LotJewelleryController16 -->
