<?xml version="1.0" encoding="UTF-8"?>
<!-- Generated by org.testng.reporters.JUnitReportReporter -->
<testsuite hostname="Samyak6-MainCabin" failures="0" tests="1" name="put_restAssured.GemStoneController01" time="2.007" errors="0" timestamp="2024-12-14T09:39:57 IST" skipped="0">
  <testcase classname="put_restAssured.GemStoneController01" name="updateUser" time="2.007"/>
  <system-out/>
</testsuite> <!-- put_restAssured.GemStoneController01 -->
