<?xml version="1.0" encoding="UTF-8"?>
<!-- Generated by org.testng.reporters.JUnitReportReporter -->
<testsuite hostname="Samyak6-MainCabin" failures="0" tests="1" name="post_restAssured.AddressController01" time="2.015" errors="0" timestamp="2024-12-13T10:04:57 IST" skipped="0">
  <testcase classname="post_restAssured.AddressController01" name="createSymmetry" time="2.015"/>
  <system-out/>
</testsuite> <!-- post_restAssured.AddressController01 -->
