<?xml version="1.0" encoding="UTF-8"?>
<!-- Generated by org.testng.reporters.JUnitReportReporter -->
<testsuite hostname="DESKTOP-C9G084L" failures="0" tests="1" name="get_restassured.SymmetryController04" time="0.205" errors="0" timestamp="2024-12-28T15:48:07 IST" skipped="0">
  <testcase classname="get_restassured.SymmetryController04" name="loginToSystem" time="0.205"/>
</testsuite> <!-- get_restassured.SymmetryController04 -->
