<?xml version="1.0" encoding="UTF-8"?>
<!-- Generated by org.testng.reporters.JUnitReportReporter -->
<testsuite hostname="Samyak6-MainCabin" failures="0" tests="1" name="post_restassured.PolishController02" time="1.828" errors="0" timestamp="2024-12-09T16:04:34 IST" skipped="0">
  <testcase classname="post_restassured.PolishController02" name="createSymmetry" time="1.828"/>
  <system-out/>
</testsuite> <!-- post_restassured.PolishController02 -->
