<?xml version="1.0" encoding="UTF-8"?>
<!-- Generated by org.testng.reporters.JUnitReportReporter -->
<testsuite hostname="Samyak6-MainCabin" failures="0" tests="1" name="get_restAssured.LotDiamondController16" time="3.061" errors="0" timestamp="2024-12-14T13:14:55 IST" skipped="0">
  <testcase classname="get_restAssured.LotDiamondController16" name="loginToSystem" time="3.061"/>
  <system-out/>
</testsuite> <!-- get_restAssured.LotDiamondController16 -->
