<?xml version="1.0" encoding="UTF-8"?>
<!-- Generated by org.testng.reporters.JUnitReportReporter -->
<testsuite hostname="Samyak6-MainCabin" failures="0" tests="1" name="post_restAssured.FlouresceneController03" time="1.915" errors="0" timestamp="2024-12-13T11:37:52 IST" skipped="0">
  <testcase classname="post_restAssured.FlouresceneController03" name="createSymmetry" time="1.915"/>
  <system-out/>
</testsuite> <!-- post_restAssured.FlouresceneController03 -->
