<?xml version="1.0" encoding="UTF-8"?>
<!-- Generated by org.testng.reporters.JUnitReportReporter -->
<testsuite hostname="Samyak6-MainCabin" failures="0" tests="1" name="put_restAssured.UserController04" time="1.807" errors="0" timestamp="2024-12-11T11:14:16 IST" skipped="0">
  <testcase classname="put_restAssured.UserController04" name="updateUser" time="1.807"/>
  <system-out/>
</testsuite> <!-- put_restAssured.UserController04 -->
