<?xml version="1.0" encoding="UTF-8"?>
<!-- Generated by org.testng.reporters.JUnitReportReporter -->
<testsuite hostname="Samyak6-MainCabin" failures="0" tests="1" name="put_restAssured.LotJewelleryController06" time="1.852" errors="0" timestamp="2024-12-12T12:56:09 IST" skipped="0">
  <testcase classname="put_restAssured.LotJewelleryController06" name="updateUser" time="1.852"/>
  <system-out/>
</testsuite> <!-- put_restAssured.LotJewelleryController06 -->
